{
  "uid" : "3f0f3b8373909e56",
  "name" : "test_sign_in",
  "fullName" : "test_conduit.test_TC4_signin.TestConduitApp#test_sign_in",
  "historyId" : "3aabe61b70b9824a888840d4679d63b2",
  "time" : {
    "start" : 1628424734983,
    "stop" : 1628424746643,
    "duration" : 11660
  },
  "status" : "broken",
  "statusMessage" : "selenium.common.exceptions.TimeoutException: Message:",
  "statusTrace" : "self = <test_TC4_signin.TestConduitApp object at 0x7f615fdcdc70>\n\n    def test_sign_in(self):\n        registration_user(self.browser)\n    \n>       WebDriverWait(\n            self.browser, 10).until(\n            EC.visibility_of_element_located((By.XPATH, '//a[@href=\"#/login\"]'))\n        ).click()\n\ntest_conduit/test_TC4_signin.py:24: \n_ _ _ _ _ _ _ _ _ _ _ _ _ _ _ _ _ _ _ _ _ _ _ _ _ _ _ _ _ _ _ _ _ _ _ _ _ _ _ _ \n\nself = <selenium.webdriver.support.wait.WebDriverWait (session=\"557e0a8191418a43d1e7d42a85ab6cb9\")>\nmethod = <selenium.webdriver.support.expected_conditions.visibility_of_element_located object at 0x7f615fdce670>\nmessage = ''\n\n    def until(self, method, message=''):\n        \"\"\"Calls the method provided with the driver as an argument until the \\\n        return value is not False.\"\"\"\n        screen = None\n        stacktrace = None\n    \n        end_time = time.time() + self._timeout\n        while True:\n            try:\n                value = method(self._driver)\n                if value:\n                    return value\n            except self._ignored_exceptions as exc:\n                screen = getattr(exc, 'screen', None)\n                stacktrace = getattr(exc, 'stacktrace', None)\n            time.sleep(self._poll)\n            if time.time() > end_time:\n                break\n>       raise TimeoutException(message, screen, stacktrace)\nE       selenium.common.exceptions.TimeoutException: Message:\n\n/opt/hostedtoolcache/Python/3.9.5/x64/lib/python3.9/site-packages/selenium/webdriver/support/wait.py:80: TimeoutException",
  "flaky" : false,
  "newFailed" : false,
  "beforeStages" : [ ],
  "testStage" : {
    "status" : "broken",
    "statusMessage" : "selenium.common.exceptions.TimeoutException: Message:",
    "statusTrace" : "self = <test_TC4_signin.TestConduitApp object at 0x7f615fdcdc70>\n\n    def test_sign_in(self):\n        registration_user(self.browser)\n    \n>       WebDriverWait(\n            self.browser, 10).until(\n            EC.visibility_of_element_located((By.XPATH, '//a[@href=\"#/login\"]'))\n        ).click()\n\ntest_conduit/test_TC4_signin.py:24: \n_ _ _ _ _ _ _ _ _ _ _ _ _ _ _ _ _ _ _ _ _ _ _ _ _ _ _ _ _ _ _ _ _ _ _ _ _ _ _ _ \n\nself = <selenium.webdriver.support.wait.WebDriverWait (session=\"557e0a8191418a43d1e7d42a85ab6cb9\")>\nmethod = <selenium.webdriver.support.expected_conditions.visibility_of_element_located object at 0x7f615fdce670>\nmessage = ''\n\n    def until(self, method, message=''):\n        \"\"\"Calls the method provided with the driver as an argument until the \\\n        return value is not False.\"\"\"\n        screen = None\n        stacktrace = None\n    \n        end_time = time.time() + self._timeout\n        while True:\n            try:\n                value = method(self._driver)\n                if value:\n                    return value\n            except self._ignored_exceptions as exc:\n                screen = getattr(exc, 'screen', None)\n                stacktrace = getattr(exc, 'stacktrace', None)\n            time.sleep(self._poll)\n            if time.time() > end_time:\n                break\n>       raise TimeoutException(message, screen, stacktrace)\nE       selenium.common.exceptions.TimeoutException: Message:\n\n/opt/hostedtoolcache/Python/3.9.5/x64/lib/python3.9/site-packages/selenium/webdriver/support/wait.py:80: TimeoutException",
    "steps" : [ ],
    "attachments" : [ {
      "uid" : "8d6fa165a987ac7b",
      "name" : "log",
      "source" : "8d6fa165a987ac7b.txt",
      "type" : "text/plain",
      "size" : 344
    }, {
      "uid" : "3016e784f75012f3",
      "name" : "stderr",
      "source" : "3016e784f75012f3.txt",
      "type" : "text/plain",
      "size" : 215
    } ],
    "parameters" : [ ],
    "stepsCount" : 0,
    "attachmentsCount" : 2,
    "shouldDisplayMessage" : true,
    "hasContent" : true
  },
  "afterStages" : [ ],
  "labels" : [ {
    "name" : "parentSuite",
    "value" : "test_conduit"
  }, {
    "name" : "suite",
    "value" : "test_TC4_signin"
  }, {
    "name" : "subSuite",
    "value" : "TestConduitApp"
  }, {
    "name" : "host",
    "value" : "fv-az74-184"
  }, {
    "name" : "thread",
    "value" : "3810-MainThread"
  }, {
    "name" : "framework",
    "value" : "pytest"
  }, {
    "name" : "language",
    "value" : "cpython3"
  }, {
    "name" : "package",
    "value" : "test_conduit.test_TC4_signin"
  }, {
    "name" : "resultFormat",
    "value" : "allure2"
  } ],
  "parameters" : [ ],
  "links" : [ ],
  "hidden" : false,
  "retry" : false,
  "extra" : {
    "severity" : "normal",
    "retries" : [ ],
    "categories" : [ {
      "name" : "Test defects",
      "matchedStatuses" : [ ],
      "flaky" : false
    } ],
    "tags" : [ ]
  },
  "source" : "3f0f3b8373909e56.json",
  "parameterValues" : [ ]
}