{
  "uid" : "fab88b51d762ad81",
  "name" : "test_sign_in",
  "fullName" : "test_conduit.test_TC4_signin.TestConduitApp#test_sign_in",
  "historyId" : "3aabe61b70b9824a888840d4679d63b2",
  "time" : {
    "start" : 1628602863708,
    "stop" : 1628602867744,
    "duration" : 4036
  },
  "status" : "broken",
  "statusMessage" : "selenium.common.exceptions.NoSuchElementException: Message: no such element: Unable to locate element: {\"method\":\"xpath\",\"selector\":\"//a[@class=\"nav-link\"][normalize-space()=\"Próba Pista 0C\"]\"}\n  (Session info: headless chrome=92.0.4515.131)",
  "statusTrace" : "self = <test_TC4_signin.TestConduitApp object at 0x7fea4ee87a90>\n\n    def test_sign_in(self):\n        conduit_registration(self.browser)\n        conduit_logout(self.browser)\n    \n        WebDriverWait(\n            self.browser, 10).until(\n            EC.visibility_of_element_located((By.XPATH, '//a[@href=\"#/login\"]'))\n        ).click()\n    \n        sign_in_email_input = self.browser.find_element_by_xpath('//input[@placeholder=\"Email\"]')\n        sign_in_password_input = self.browser.find_element_by_xpath('//input[@placeholder=\"Password\"]')\n        sign_in_btn = self.browser.find_element_by_xpath('//button[contains(.,\"Sign in\")]')\n    \n        sign_in_email_input.send_keys(f\"{email_elotag}@proba.com\")\n        sign_in_password_input.send_keys(\"Proba123\")\n        sign_in_btn.click()\n        time.sleep(2)\n    \n>       username_link = self.browser.find_element_by_xpath('//a[@class=\"nav-link\"][normalize-space()=\"Próba Pista 0C\"]')\n\ntest_conduit/test_TC4_signin.py:39: \n_ _ _ _ _ _ _ _ _ _ _ _ _ _ _ _ _ _ _ _ _ _ _ _ _ _ _ _ _ _ _ _ _ _ _ _ _ _ _ _ \n/opt/hostedtoolcache/Python/3.9.5/x64/lib/python3.9/site-packages/selenium/webdriver/remote/webdriver.py:394: in find_element_by_xpath\n    return self.find_element(by=By.XPATH, value=xpath)\n/opt/hostedtoolcache/Python/3.9.5/x64/lib/python3.9/site-packages/selenium/webdriver/remote/webdriver.py:976: in find_element\n    return self.execute(Command.FIND_ELEMENT, {\n/opt/hostedtoolcache/Python/3.9.5/x64/lib/python3.9/site-packages/selenium/webdriver/remote/webdriver.py:321: in execute\n    self.error_handler.check_response(response)\n_ _ _ _ _ _ _ _ _ _ _ _ _ _ _ _ _ _ _ _ _ _ _ _ _ _ _ _ _ _ _ _ _ _ _ _ _ _ _ _ \n\nself = <selenium.webdriver.remote.errorhandler.ErrorHandler object at 0x7fea4ee878e0>\nresponse = {'status': 404, 'value': '{\"value\":{\"error\":\"no such element\",\"message\":\"no such element: Unable to locate element: {\\...wn>\\\\n#15 0x5654a0e65e58 \\\\u003Cunknown>\\\\n#16 0x5654a0e7fdfd \\\\u003Cunknown>\\\\n#17 0x7fd080193609 start_thread\\\\n\"}}'}\n\n    def check_response(self, response):\n        \"\"\"\n        Checks that a JSON response from the WebDriver does not have an error.\n    \n        :Args:\n         - response - The JSON response from the WebDriver server as a dictionary\n           object.\n    \n        :Raises: If the response contains an error message.\n        \"\"\"\n        status = response.get('status', None)\n        if status is None or status == ErrorCode.SUCCESS:\n            return\n        value = None\n        message = response.get(\"message\", \"\")\n        screen = response.get(\"screen\", \"\")\n        stacktrace = None\n        if isinstance(status, int):\n            value_json = response.get('value', None)\n            if value_json and isinstance(value_json, basestring):\n                import json\n                try:\n                    value = json.loads(value_json)\n                    if len(value.keys()) == 1:\n                        value = value['value']\n                    status = value.get('error', None)\n                    if status is None:\n                        status = value[\"status\"]\n                        message = value[\"value\"]\n                        if not isinstance(message, basestring):\n                            value = message\n                            message = message.get('message')\n                    else:\n                        message = value.get('message', None)\n                except ValueError:\n                    pass\n    \n        exception_class = ErrorInResponseException\n        if status in ErrorCode.NO_SUCH_ELEMENT:\n            exception_class = NoSuchElementException\n        elif status in ErrorCode.NO_SUCH_FRAME:\n            exception_class = NoSuchFrameException\n        elif status in ErrorCode.NO_SUCH_WINDOW:\n            exception_class = NoSuchWindowException\n        elif status in ErrorCode.STALE_ELEMENT_REFERENCE:\n            exception_class = StaleElementReferenceException\n        elif status in ErrorCode.ELEMENT_NOT_VISIBLE:\n            exception_class = ElementNotVisibleException\n        elif status in ErrorCode.INVALID_ELEMENT_STATE:\n            exception_class = InvalidElementStateException\n        elif status in ErrorCode.INVALID_SELECTOR \\\n                or status in ErrorCode.INVALID_XPATH_SELECTOR \\\n                or status in ErrorCode.INVALID_XPATH_SELECTOR_RETURN_TYPER:\n            exception_class = InvalidSelectorException\n        elif status in ErrorCode.ELEMENT_IS_NOT_SELECTABLE:\n            exception_class = ElementNotSelectableException\n        elif status in ErrorCode.ELEMENT_NOT_INTERACTABLE:\n            exception_class = ElementNotInteractableException\n        elif status in ErrorCode.INVALID_COOKIE_DOMAIN:\n            exception_class = InvalidCookieDomainException\n        elif status in ErrorCode.UNABLE_TO_SET_COOKIE:\n            exception_class = UnableToSetCookieException\n        elif status in ErrorCode.TIMEOUT:\n            exception_class = TimeoutException\n        elif status in ErrorCode.SCRIPT_TIMEOUT:\n            exception_class = TimeoutException\n        elif status in ErrorCode.UNKNOWN_ERROR:\n            exception_class = WebDriverException\n        elif status in ErrorCode.UNEXPECTED_ALERT_OPEN:\n            exception_class = UnexpectedAlertPresentException\n        elif status in ErrorCode.NO_ALERT_OPEN:\n            exception_class = NoAlertPresentException\n        elif status in ErrorCode.IME_NOT_AVAILABLE:\n            exception_class = ImeNotAvailableException\n        elif status in ErrorCode.IME_ENGINE_ACTIVATION_FAILED:\n            exception_class = ImeActivationFailedException\n        elif status in ErrorCode.MOVE_TARGET_OUT_OF_BOUNDS:\n            exception_class = MoveTargetOutOfBoundsException\n        elif status in ErrorCode.JAVASCRIPT_ERROR:\n            exception_class = JavascriptException\n        elif status in ErrorCode.SESSION_NOT_CREATED:\n            exception_class = SessionNotCreatedException\n        elif status in ErrorCode.INVALID_ARGUMENT:\n            exception_class = InvalidArgumentException\n        elif status in ErrorCode.NO_SUCH_COOKIE:\n            exception_class = NoSuchCookieException\n        elif status in ErrorCode.UNABLE_TO_CAPTURE_SCREEN:\n            exception_class = ScreenshotException\n        elif status in ErrorCode.ELEMENT_CLICK_INTERCEPTED:\n            exception_class = ElementClickInterceptedException\n        elif status in ErrorCode.INSECURE_CERTIFICATE:\n            exception_class = InsecureCertificateException\n        elif status in ErrorCode.INVALID_COORDINATES:\n            exception_class = InvalidCoordinatesException\n        elif status in ErrorCode.INVALID_SESSION_ID:\n            exception_class = InvalidSessionIdException\n        elif status in ErrorCode.UNKNOWN_METHOD:\n            exception_class = UnknownMethodException\n        else:\n            exception_class = WebDriverException\n        if value == '' or value is None:\n            value = response['value']\n        if isinstance(value, basestring):\n            if exception_class == ErrorInResponseException:\n                raise exception_class(response, value)\n            raise exception_class(value)\n        if message == \"\" and 'message' in value:\n            message = value['message']\n    \n        screen = None\n        if 'screen' in value:\n            screen = value['screen']\n    \n        stacktrace = None\n        if 'stackTrace' in value and value['stackTrace']:\n            stacktrace = []\n            try:\n                for frame in value['stackTrace']:\n                    line = self._value_or_default(frame, 'lineNumber', '')\n                    file = self._value_or_default(frame, 'fileName', '<anonymous>')\n                    if line:\n                        file = \"%s:%s\" % (file, line)\n                    meth = self._value_or_default(frame, 'methodName', '<anonymous>')\n                    if 'className' in frame:\n                        meth = \"%s.%s\" % (frame['className'], meth)\n                    msg = \"    at %s (%s)\"\n                    msg = msg % (meth, file)\n                    stacktrace.append(msg)\n            except TypeError:\n                pass\n        if exception_class == ErrorInResponseException:\n            raise exception_class(response, message)\n        elif exception_class == UnexpectedAlertPresentException:\n            alert_text = None\n            if 'data' in value:\n                alert_text = value['data'].get('text')\n            elif 'alert' in value:\n                alert_text = value['alert'].get('text')\n            raise exception_class(message, screen, stacktrace, alert_text)\n>       raise exception_class(message, screen, stacktrace)\nE       selenium.common.exceptions.NoSuchElementException: Message: no such element: Unable to locate element: {\"method\":\"xpath\",\"selector\":\"//a[@class=\"nav-link\"][normalize-space()=\"Próba Pista 0C\"]\"}\nE         (Session info: headless chrome=92.0.4515.131)\n\n/opt/hostedtoolcache/Python/3.9.5/x64/lib/python3.9/site-packages/selenium/webdriver/remote/errorhandler.py:242: NoSuchElementException",
  "flaky" : false,
  "newFailed" : false,
  "beforeStages" : [ ],
  "testStage" : {
    "status" : "broken",
    "statusMessage" : "selenium.common.exceptions.NoSuchElementException: Message: no such element: Unable to locate element: {\"method\":\"xpath\",\"selector\":\"//a[@class=\"nav-link\"][normalize-space()=\"Próba Pista 0C\"]\"}\n  (Session info: headless chrome=92.0.4515.131)",
    "statusTrace" : "self = <test_TC4_signin.TestConduitApp object at 0x7fea4ee87a90>\n\n    def test_sign_in(self):\n        conduit_registration(self.browser)\n        conduit_logout(self.browser)\n    \n        WebDriverWait(\n            self.browser, 10).until(\n            EC.visibility_of_element_located((By.XPATH, '//a[@href=\"#/login\"]'))\n        ).click()\n    \n        sign_in_email_input = self.browser.find_element_by_xpath('//input[@placeholder=\"Email\"]')\n        sign_in_password_input = self.browser.find_element_by_xpath('//input[@placeholder=\"Password\"]')\n        sign_in_btn = self.browser.find_element_by_xpath('//button[contains(.,\"Sign in\")]')\n    \n        sign_in_email_input.send_keys(f\"{email_elotag}@proba.com\")\n        sign_in_password_input.send_keys(\"Proba123\")\n        sign_in_btn.click()\n        time.sleep(2)\n    \n>       username_link = self.browser.find_element_by_xpath('//a[@class=\"nav-link\"][normalize-space()=\"Próba Pista 0C\"]')\n\ntest_conduit/test_TC4_signin.py:39: \n_ _ _ _ _ _ _ _ _ _ _ _ _ _ _ _ _ _ _ _ _ _ _ _ _ _ _ _ _ _ _ _ _ _ _ _ _ _ _ _ \n/opt/hostedtoolcache/Python/3.9.5/x64/lib/python3.9/site-packages/selenium/webdriver/remote/webdriver.py:394: in find_element_by_xpath\n    return self.find_element(by=By.XPATH, value=xpath)\n/opt/hostedtoolcache/Python/3.9.5/x64/lib/python3.9/site-packages/selenium/webdriver/remote/webdriver.py:976: in find_element\n    return self.execute(Command.FIND_ELEMENT, {\n/opt/hostedtoolcache/Python/3.9.5/x64/lib/python3.9/site-packages/selenium/webdriver/remote/webdriver.py:321: in execute\n    self.error_handler.check_response(response)\n_ _ _ _ _ _ _ _ _ _ _ _ _ _ _ _ _ _ _ _ _ _ _ _ _ _ _ _ _ _ _ _ _ _ _ _ _ _ _ _ \n\nself = <selenium.webdriver.remote.errorhandler.ErrorHandler object at 0x7fea4ee878e0>\nresponse = {'status': 404, 'value': '{\"value\":{\"error\":\"no such element\",\"message\":\"no such element: Unable to locate element: {\\...wn>\\\\n#15 0x5654a0e65e58 \\\\u003Cunknown>\\\\n#16 0x5654a0e7fdfd \\\\u003Cunknown>\\\\n#17 0x7fd080193609 start_thread\\\\n\"}}'}\n\n    def check_response(self, response):\n        \"\"\"\n        Checks that a JSON response from the WebDriver does not have an error.\n    \n        :Args:\n         - response - The JSON response from the WebDriver server as a dictionary\n           object.\n    \n        :Raises: If the response contains an error message.\n        \"\"\"\n        status = response.get('status', None)\n        if status is None or status == ErrorCode.SUCCESS:\n            return\n        value = None\n        message = response.get(\"message\", \"\")\n        screen = response.get(\"screen\", \"\")\n        stacktrace = None\n        if isinstance(status, int):\n            value_json = response.get('value', None)\n            if value_json and isinstance(value_json, basestring):\n                import json\n                try:\n                    value = json.loads(value_json)\n                    if len(value.keys()) == 1:\n                        value = value['value']\n                    status = value.get('error', None)\n                    if status is None:\n                        status = value[\"status\"]\n                        message = value[\"value\"]\n                        if not isinstance(message, basestring):\n                            value = message\n                            message = message.get('message')\n                    else:\n                        message = value.get('message', None)\n                except ValueError:\n                    pass\n    \n        exception_class = ErrorInResponseException\n        if status in ErrorCode.NO_SUCH_ELEMENT:\n            exception_class = NoSuchElementException\n        elif status in ErrorCode.NO_SUCH_FRAME:\n            exception_class = NoSuchFrameException\n        elif status in ErrorCode.NO_SUCH_WINDOW:\n            exception_class = NoSuchWindowException\n        elif status in ErrorCode.STALE_ELEMENT_REFERENCE:\n            exception_class = StaleElementReferenceException\n        elif status in ErrorCode.ELEMENT_NOT_VISIBLE:\n            exception_class = ElementNotVisibleException\n        elif status in ErrorCode.INVALID_ELEMENT_STATE:\n            exception_class = InvalidElementStateException\n        elif status in ErrorCode.INVALID_SELECTOR \\\n                or status in ErrorCode.INVALID_XPATH_SELECTOR \\\n                or status in ErrorCode.INVALID_XPATH_SELECTOR_RETURN_TYPER:\n            exception_class = InvalidSelectorException\n        elif status in ErrorCode.ELEMENT_IS_NOT_SELECTABLE:\n            exception_class = ElementNotSelectableException\n        elif status in ErrorCode.ELEMENT_NOT_INTERACTABLE:\n            exception_class = ElementNotInteractableException\n        elif status in ErrorCode.INVALID_COOKIE_DOMAIN:\n            exception_class = InvalidCookieDomainException\n        elif status in ErrorCode.UNABLE_TO_SET_COOKIE:\n            exception_class = UnableToSetCookieException\n        elif status in ErrorCode.TIMEOUT:\n            exception_class = TimeoutException\n        elif status in ErrorCode.SCRIPT_TIMEOUT:\n            exception_class = TimeoutException\n        elif status in ErrorCode.UNKNOWN_ERROR:\n            exception_class = WebDriverException\n        elif status in ErrorCode.UNEXPECTED_ALERT_OPEN:\n            exception_class = UnexpectedAlertPresentException\n        elif status in ErrorCode.NO_ALERT_OPEN:\n            exception_class = NoAlertPresentException\n        elif status in ErrorCode.IME_NOT_AVAILABLE:\n            exception_class = ImeNotAvailableException\n        elif status in ErrorCode.IME_ENGINE_ACTIVATION_FAILED:\n            exception_class = ImeActivationFailedException\n        elif status in ErrorCode.MOVE_TARGET_OUT_OF_BOUNDS:\n            exception_class = MoveTargetOutOfBoundsException\n        elif status in ErrorCode.JAVASCRIPT_ERROR:\n            exception_class = JavascriptException\n        elif status in ErrorCode.SESSION_NOT_CREATED:\n            exception_class = SessionNotCreatedException\n        elif status in ErrorCode.INVALID_ARGUMENT:\n            exception_class = InvalidArgumentException\n        elif status in ErrorCode.NO_SUCH_COOKIE:\n            exception_class = NoSuchCookieException\n        elif status in ErrorCode.UNABLE_TO_CAPTURE_SCREEN:\n            exception_class = ScreenshotException\n        elif status in ErrorCode.ELEMENT_CLICK_INTERCEPTED:\n            exception_class = ElementClickInterceptedException\n        elif status in ErrorCode.INSECURE_CERTIFICATE:\n            exception_class = InsecureCertificateException\n        elif status in ErrorCode.INVALID_COORDINATES:\n            exception_class = InvalidCoordinatesException\n        elif status in ErrorCode.INVALID_SESSION_ID:\n            exception_class = InvalidSessionIdException\n        elif status in ErrorCode.UNKNOWN_METHOD:\n            exception_class = UnknownMethodException\n        else:\n            exception_class = WebDriverException\n        if value == '' or value is None:\n            value = response['value']\n        if isinstance(value, basestring):\n            if exception_class == ErrorInResponseException:\n                raise exception_class(response, value)\n            raise exception_class(value)\n        if message == \"\" and 'message' in value:\n            message = value['message']\n    \n        screen = None\n        if 'screen' in value:\n            screen = value['screen']\n    \n        stacktrace = None\n        if 'stackTrace' in value and value['stackTrace']:\n            stacktrace = []\n            try:\n                for frame in value['stackTrace']:\n                    line = self._value_or_default(frame, 'lineNumber', '')\n                    file = self._value_or_default(frame, 'fileName', '<anonymous>')\n                    if line:\n                        file = \"%s:%s\" % (file, line)\n                    meth = self._value_or_default(frame, 'methodName', '<anonymous>')\n                    if 'className' in frame:\n                        meth = \"%s.%s\" % (frame['className'], meth)\n                    msg = \"    at %s (%s)\"\n                    msg = msg % (meth, file)\n                    stacktrace.append(msg)\n            except TypeError:\n                pass\n        if exception_class == ErrorInResponseException:\n            raise exception_class(response, message)\n        elif exception_class == UnexpectedAlertPresentException:\n            alert_text = None\n            if 'data' in value:\n                alert_text = value['data'].get('text')\n            elif 'alert' in value:\n                alert_text = value['alert'].get('text')\n            raise exception_class(message, screen, stacktrace, alert_text)\n>       raise exception_class(message, screen, stacktrace)\nE       selenium.common.exceptions.NoSuchElementException: Message: no such element: Unable to locate element: {\"method\":\"xpath\",\"selector\":\"//a[@class=\"nav-link\"][normalize-space()=\"Próba Pista 0C\"]\"}\nE         (Session info: headless chrome=92.0.4515.131)\n\n/opt/hostedtoolcache/Python/3.9.5/x64/lib/python3.9/site-packages/selenium/webdriver/remote/errorhandler.py:242: NoSuchElementException",
    "steps" : [ ],
    "attachments" : [ {
      "uid" : "6b1eaa9a64e68087",
      "name" : "log",
      "source" : "6b1eaa9a64e68087.txt",
      "type" : "text/plain",
      "size" : 344
    }, {
      "uid" : "bf6aad11fa92d3c9",
      "name" : "stderr",
      "source" : "bf6aad11fa92d3c9.txt",
      "type" : "text/plain",
      "size" : 215
    } ],
    "parameters" : [ ],
    "stepsCount" : 0,
    "attachmentsCount" : 2,
    "shouldDisplayMessage" : true,
    "hasContent" : true
  },
  "afterStages" : [ ],
  "labels" : [ {
    "name" : "parentSuite",
    "value" : "test_conduit"
  }, {
    "name" : "suite",
    "value" : "test_TC4_signin"
  }, {
    "name" : "subSuite",
    "value" : "TestConduitApp"
  }, {
    "name" : "host",
    "value" : "fv-az77-771"
  }, {
    "name" : "thread",
    "value" : "3814-MainThread"
  }, {
    "name" : "framework",
    "value" : "pytest"
  }, {
    "name" : "language",
    "value" : "cpython3"
  }, {
    "name" : "package",
    "value" : "test_conduit.test_TC4_signin"
  }, {
    "name" : "resultFormat",
    "value" : "allure2"
  } ],
  "parameters" : [ ],
  "links" : [ ],
  "hidden" : false,
  "retry" : false,
  "extra" : {
    "severity" : "normal",
    "retries" : [ ],
    "categories" : [ {
      "name" : "Test defects",
      "matchedStatuses" : [ ],
      "flaky" : false
    } ],
    "tags" : [ ]
  },
  "source" : "fab88b51d762ad81.json",
  "parameterValues" : [ ]
}