{
  "uid" : "ef297a44a0118347",
  "name" : "test_create_new_blogpost",
  "fullName" : "test_conduit.test_TC5_create_new_blogpost.TestConduitApp#test_create_new_blogpost",
  "historyId" : "3cad4ff4ba4d648a7979f133f15ac6eb",
  "time" : {
    "start" : 1628617267940,
    "stop" : 1628617279424,
    "duration" : 11484
  },
  "status" : "broken",
  "statusMessage" : "selenium.common.exceptions.TimeoutException: Message:",
  "statusTrace" : "self = <test_TC5_create_new_blogpost.TestConduitApp object at 0x7f03a70556d0>\n\n    def test_create_new_blogpost(self):\n        conduit_registration(self.browser)\n>       WebDriverWait(\n            self.browser, 10).until(\n            EC.visibility_of_element_located((By.XPATH, '//a[@href=\"#/editor\"]'))\n        ).click()\n\ntest_conduit/test_TC5_create_new_blogpost.py:27: \n_ _ _ _ _ _ _ _ _ _ _ _ _ _ _ _ _ _ _ _ _ _ _ _ _ _ _ _ _ _ _ _ _ _ _ _ _ _ _ _ \n\nself = <selenium.webdriver.support.wait.WebDriverWait (session=\"551fdd77e3351e86ad917262e8984a50\")>\nmethod = <selenium.webdriver.support.expected_conditions.visibility_of_element_located object at 0x7f03a7059df0>\nmessage = ''\n\n    def until(self, method, message=''):\n        \"\"\"Calls the method provided with the driver as an argument until the \\\n        return value is not False.\"\"\"\n        screen = None\n        stacktrace = None\n    \n        end_time = time.time() + self._timeout\n        while True:\n            try:\n                value = method(self._driver)\n                if value:\n                    return value\n            except self._ignored_exceptions as exc:\n                screen = getattr(exc, 'screen', None)\n                stacktrace = getattr(exc, 'stacktrace', None)\n            time.sleep(self._poll)\n            if time.time() > end_time:\n                break\n>       raise TimeoutException(message, screen, stacktrace)\nE       selenium.common.exceptions.TimeoutException: Message:\n\n/opt/hostedtoolcache/Python/3.9.5/x64/lib/python3.9/site-packages/selenium/webdriver/support/wait.py:80: TimeoutException",
  "flaky" : false,
  "newFailed" : false,
  "beforeStages" : [ ],
  "testStage" : {
    "status" : "broken",
    "statusMessage" : "selenium.common.exceptions.TimeoutException: Message:",
    "statusTrace" : "self = <test_TC5_create_new_blogpost.TestConduitApp object at 0x7f03a70556d0>\n\n    def test_create_new_blogpost(self):\n        conduit_registration(self.browser)\n>       WebDriverWait(\n            self.browser, 10).until(\n            EC.visibility_of_element_located((By.XPATH, '//a[@href=\"#/editor\"]'))\n        ).click()\n\ntest_conduit/test_TC5_create_new_blogpost.py:27: \n_ _ _ _ _ _ _ _ _ _ _ _ _ _ _ _ _ _ _ _ _ _ _ _ _ _ _ _ _ _ _ _ _ _ _ _ _ _ _ _ \n\nself = <selenium.webdriver.support.wait.WebDriverWait (session=\"551fdd77e3351e86ad917262e8984a50\")>\nmethod = <selenium.webdriver.support.expected_conditions.visibility_of_element_located object at 0x7f03a7059df0>\nmessage = ''\n\n    def until(self, method, message=''):\n        \"\"\"Calls the method provided with the driver as an argument until the \\\n        return value is not False.\"\"\"\n        screen = None\n        stacktrace = None\n    \n        end_time = time.time() + self._timeout\n        while True:\n            try:\n                value = method(self._driver)\n                if value:\n                    return value\n            except self._ignored_exceptions as exc:\n                screen = getattr(exc, 'screen', None)\n                stacktrace = getattr(exc, 'stacktrace', None)\n            time.sleep(self._poll)\n            if time.time() > end_time:\n                break\n>       raise TimeoutException(message, screen, stacktrace)\nE       selenium.common.exceptions.TimeoutException: Message:\n\n/opt/hostedtoolcache/Python/3.9.5/x64/lib/python3.9/site-packages/selenium/webdriver/support/wait.py:80: TimeoutException",
    "steps" : [ ],
    "attachments" : [ {
      "uid" : "1201c6db608b896",
      "name" : "log",
      "source" : "1201c6db608b896.txt",
      "type" : "text/plain",
      "size" : 344
    }, {
      "uid" : "cb10f88b0f7eac77",
      "name" : "stderr",
      "source" : "cb10f88b0f7eac77.txt",
      "type" : "text/plain",
      "size" : 215
    } ],
    "parameters" : [ ],
    "stepsCount" : 0,
    "attachmentsCount" : 2,
    "shouldDisplayMessage" : true,
    "hasContent" : true
  },
  "afterStages" : [ ],
  "labels" : [ {
    "name" : "parentSuite",
    "value" : "test_conduit"
  }, {
    "name" : "suite",
    "value" : "test_TC5_create_new_blogpost"
  }, {
    "name" : "subSuite",
    "value" : "TestConduitApp"
  }, {
    "name" : "host",
    "value" : "fv-az81-527"
  }, {
    "name" : "thread",
    "value" : "3856-MainThread"
  }, {
    "name" : "framework",
    "value" : "pytest"
  }, {
    "name" : "language",
    "value" : "cpython3"
  }, {
    "name" : "package",
    "value" : "test_conduit.test_TC5_create_new_blogpost"
  }, {
    "name" : "resultFormat",
    "value" : "allure2"
  } ],
  "parameters" : [ ],
  "links" : [ ],
  "hidden" : false,
  "retry" : false,
  "extra" : {
    "severity" : "normal",
    "retries" : [ ],
    "categories" : [ {
      "name" : "Test defects",
      "matchedStatuses" : [ ],
      "flaky" : false
    } ],
    "tags" : [ ]
  },
  "source" : "ef297a44a0118347.json",
  "parameterValues" : [ ]
}