{
  "c051990342477495ab89241b7ba6eba6" : {
    "statistic" : {
      "failed" : 0,
      "broken" : 0,
      "skipped" : 0,
      "passed" : 1,
      "unknown" : 0,
      "total" : 1
    },
    "items" : [ {
      "uid" : "a728f642e9e66578",
      "reportUrl" : "https://czimi.github.io/conduit/13//#testresult/a728f642e9e66578",
      "status" : "passed",
      "time" : {
        "start" : 1628360798730,
        "stop" : 1628360802832,
        "duration" : 4102
      }
    } ]
  },
  "3cad4ff4ba4d648a7979f133f15ac6eb" : {
    "statistic" : {
      "failed" : 0,
      "broken" : 1,
      "skipped" : 0,
      "passed" : 0,
      "unknown" : 0,
      "total" : 1
    },
    "items" : [ {
      "uid" : "47348799ac3be51d",
      "reportUrl" : "https://czimi.github.io/conduit/13//#testresult/47348799ac3be51d",
      "status" : "broken",
      "statusDetails" : "selenium.common.exceptions.NoSuchElementException: Message: no such element: Unable to locate element: {\"method\":\"xpath\",\"selector\":\"//*[@id=\"app\"]/div/div/div/div/form/fieldset/fieldset[1]/input\"}\n  (Session info: headless chrome=92.0.4515.131)",
      "time" : {
        "start" : 1628360811086,
        "stop" : 1628360819532,
        "duration" : 8446
      }
    } ]
  },
  "22cd55746198e2442b5dc08101345659" : {
    "statistic" : {
      "failed" : 0,
      "broken" : 0,
      "skipped" : 0,
      "passed" : 1,
      "unknown" : 0,
      "total" : 1
    },
    "items" : [ {
      "uid" : "aca11c007c9e5fdf",
      "reportUrl" : "https://czimi.github.io/conduit/13//#testresult/aca11c007c9e5fdf",
      "status" : "passed",
      "time" : {
        "start" : 1628360803402,
        "stop" : 1628360806361,
        "duration" : 2959
      }
    } ]
  },
  "3aabe61b70b9824a888840d4679d63b2" : {
    "statistic" : {
      "failed" : 0,
      "broken" : 1,
      "skipped" : 0,
      "passed" : 0,
      "unknown" : 0,
      "total" : 1
    },
    "items" : [ {
      "uid" : "37557fc96528a205",
      "reportUrl" : "https://czimi.github.io/conduit/13//#testresult/37557fc96528a205",
      "status" : "broken",
      "statusDetails" : "selenium.common.exceptions.InvalidSelectorException: Message: invalid selector: Unable to locate an element with the xpath expression //a[contains(.,\"Sign in)] because of the following error:\nSyntaxError: Failed to execute 'evaluate' on 'Document': The string '//a[contains(.,\"Sign in)]' is not a valid XPath expression.\n  (Session info: headless chrome=92.0.4515.131)",
      "time" : {
        "start" : 1628360806907,
        "stop" : 1628360809446,
        "duration" : 2539
      }
    } ]
  }
}